<?xml version="1.0" encoding="UTF-8"?>
<testng-results ignored="0" total="5" passed="3" failed="2" skipped="0">
  <reporter-output>
  </reporter-output>
  <suite started-at="2022-05-20T00:34:47 EDT" name="Suite" finished-at="2022-05-20T00:34:56 EDT" duration-ms="8864">
    <groups>
    </groups>
    <test started-at="2022-05-20T00:34:47 EDT" name="Test" finished-at="2022-05-20T00:34:56 EDT" duration-ms="8864">
      <class name="com.DsAlog.Qa.Tests.RegisterPageTestPojo">
        <test-method is-config="true" signature="setup(java.lang.String)[pri:0, instance:com.DsAlog.Qa.Tests.RegisterPageTestPojo@14151bc5]" started-at="2022-05-20T00:34:47 EDT" name="setup" finished-at="2022-05-20T00:34:52 EDT" duration-ms="4825" status="PASS">
          <params>
            <param index="0">
              <value>
                <![CDATA[edge]]>
              </value>
            </param>
          </params>
          <reporter-output>
          </reporter-output>
        </test-method> <!-- setup -->
        <test-method signature="startpageTest()[pri:1, instance:com.DsAlog.Qa.Tests.RegisterPageTestPojo@14151bc5]" started-at="2022-05-20T00:34:52 EDT" name="startpageTest" description="Get Starting the Application" finished-at="2022-05-20T00:34:53 EDT" duration-ms="340" status="PASS">
          <reporter-output>
          </reporter-output>
        </test-method> <!-- startpageTest -->
        <test-method is-config="true" signature="endoftest()[pri:0, instance:com.DsAlog.Qa.Tests.RegisterPageTestPojo@14151bc5]" started-at="2022-05-20T00:34:53 EDT" name="endoftest" finished-at="2022-05-20T00:34:53 EDT" duration-ms="1" status="PASS">
          <reporter-output>
          </reporter-output>
        </test-method> <!-- endoftest -->
        <test-method signature="registerpageTest()[pri:2, instance:com.DsAlog.Qa.Tests.RegisterPageTestPojo@14151bc5]" started-at="2022-05-20T00:34:53 EDT" name="registerpageTest" description="Opening Register Page to Register As a New Customer" finished-at="2022-05-20T00:34:53 EDT" duration-ms="180" status="PASS">
          <reporter-output>
          </reporter-output>
        </test-method> <!-- registerpageTest -->
        <test-method is-config="true" signature="endoftest()[pri:0, instance:com.DsAlog.Qa.Tests.RegisterPageTestPojo@14151bc5]" started-at="2022-05-20T00:34:53 EDT" name="endoftest" finished-at="2022-05-20T00:34:53 EDT" duration-ms="1" status="PASS">
          <reporter-output>
          </reporter-output>
        </test-method> <!-- endoftest -->
        <test-method signature="registerinputTest(com.DsAlgo.Qa.Base.RegisterPojo)[pri:3, instance:com.DsAlog.Qa.Tests.RegisterPageTestPojo@14151bc5]" started-at="2022-05-20T00:34:54 EDT" name="registerinputTest" description="Register Flow Testing with invalid inputs" data-provider="Signin details" finished-at="2022-05-20T00:34:54 EDT" duration-ms="368" status="FAIL">
          <params>
            <param index="0">
              <value>
                <![CDATA[com.DsAlgo.Qa.Base.RegisterPojo@136690b1]]>
              </value>
            </param>
          </params>
          <exception class="java.lang.AssertionError">
            <message>
              <![CDATA[expected [NumpyNinja] but found [Registration]]]>
            </message>
            <full-stacktrace>
              <![CDATA[java.lang.AssertionError: expected [NumpyNinja] but found [Registration]
at org.testng.Assert.fail(Assert.java:99)
at org.testng.Assert.failNotEquals(Assert.java:1037)
at org.testng.Assert.assertEqualsImpl(Assert.java:140)
at org.testng.Assert.assertEquals(Assert.java:122)
at org.testng.Assert.assertEquals(Assert.java:629)
at org.testng.Assert.assertEquals(Assert.java:639)
at com.DsAlog.Qa.Tests.RegisterPageTestPojo.registerinputTest(RegisterPageTestPojo.java:79)
at java.base/jdk.internal.reflect.NativeMethodAccessorImpl.invoke0(Native Method)
at java.base/jdk.internal.reflect.NativeMethodAccessorImpl.invoke(NativeMethodAccessorImpl.java:77)
at java.base/jdk.internal.reflect.DelegatingMethodAccessorImpl.invoke(DelegatingMethodAccessorImpl.java:43)
at java.base/java.lang.reflect.Method.invoke(Method.java:568)
at org.testng.internal.MethodInvocationHelper.invokeMethod(MethodInvocationHelper.java:133)
at org.testng.internal.TestInvoker.invokeMethod(TestInvoker.java:598)
at org.testng.internal.TestInvoker.invokeTestMethod(TestInvoker.java:173)
at org.testng.internal.MethodRunner.runInSequence(MethodRunner.java:46)
at org.testng.internal.TestInvoker$MethodInvocationAgent.invoke(TestInvoker.java:824)
at org.testng.internal.TestInvoker.invokeTestMethods(TestInvoker.java:146)
at org.testng.internal.TestMethodWorker.invokeTestMethods(TestMethodWorker.java:146)
at org.testng.internal.TestMethodWorker.run(TestMethodWorker.java:128)
at java.base/java.util.ArrayList.forEach(ArrayList.java:1511)
at org.testng.TestRunner.privateRun(TestRunner.java:794)
at org.testng.TestRunner.run(TestRunner.java:596)
at org.testng.SuiteRunner.runTest(SuiteRunner.java:377)
at org.testng.SuiteRunner.runSequentially(SuiteRunner.java:371)
at org.testng.SuiteRunner.privateRun(SuiteRunner.java:332)
at org.testng.SuiteRunner.run(SuiteRunner.java:276)
at org.testng.SuiteRunnerWorker.runSuite(SuiteRunnerWorker.java:53)
at org.testng.SuiteRunnerWorker.run(SuiteRunnerWorker.java:96)
at org.testng.TestNG.runSuitesSequentially(TestNG.java:1212)
at org.testng.TestNG.runSuitesLocally(TestNG.java:1134)
at org.testng.TestNG.runSuites(TestNG.java:1063)
at org.testng.TestNG.run(TestNG.java:1031)
at org.testng.remote.AbstractRemoteTestNG.run(AbstractRemoteTestNG.java:115)
at org.testng.remote.RemoteTestNG.initAndRun(RemoteTestNG.java:251)
at org.testng.remote.RemoteTestNG.main(RemoteTestNG.java:77)
]]>
            </full-stacktrace>
          </exception> <!-- java.lang.AssertionError -->
          <reporter-output>
          </reporter-output>
        </test-method> <!-- registerinputTest -->
        <test-method is-config="true" signature="endoftest()[pri:0, instance:com.DsAlog.Qa.Tests.RegisterPageTestPojo@14151bc5]" started-at="2022-05-20T00:34:54 EDT" name="endoftest" finished-at="2022-05-20T00:34:54 EDT" duration-ms="1" status="PASS">
          <reporter-output>
          </reporter-output>
        </test-method> <!-- endoftest -->
        <test-method signature="registerinputTest(com.DsAlgo.Qa.Base.RegisterPojo)[pri:3, instance:com.DsAlog.Qa.Tests.RegisterPageTestPojo@14151bc5]" started-at="2022-05-20T00:34:54 EDT" name="registerinputTest" description="Register Flow Testing with invalid inputs" data-provider="Signin details" finished-at="2022-05-20T00:34:55 EDT" duration-ms="328" status="FAIL">
          <params>
            <param index="0">
              <value>
                <![CDATA[com.DsAlgo.Qa.Base.RegisterPojo@39007725]]>
              </value>
            </param>
          </params>
          <exception class="java.lang.AssertionError">
            <message>
              <![CDATA[expected [NumpyNinja] but found [Registration]]]>
            </message>
            <full-stacktrace>
              <![CDATA[java.lang.AssertionError: expected [NumpyNinja] but found [Registration]
at org.testng.Assert.fail(Assert.java:99)
at org.testng.Assert.failNotEquals(Assert.java:1037)
at org.testng.Assert.assertEqualsImpl(Assert.java:140)
at org.testng.Assert.assertEquals(Assert.java:122)
at org.testng.Assert.assertEquals(Assert.java:629)
at org.testng.Assert.assertEquals(Assert.java:639)
at com.DsAlog.Qa.Tests.RegisterPageTestPojo.registerinputTest(RegisterPageTestPojo.java:79)
at java.base/jdk.internal.reflect.NativeMethodAccessorImpl.invoke0(Native Method)
at java.base/jdk.internal.reflect.NativeMethodAccessorImpl.invoke(NativeMethodAccessorImpl.java:77)
at java.base/jdk.internal.reflect.DelegatingMethodAccessorImpl.invoke(DelegatingMethodAccessorImpl.java:43)
at java.base/java.lang.reflect.Method.invoke(Method.java:568)
at org.testng.internal.MethodInvocationHelper.invokeMethod(MethodInvocationHelper.java:133)
at org.testng.internal.TestInvoker.invokeMethod(TestInvoker.java:598)
at org.testng.internal.TestInvoker.invokeTestMethod(TestInvoker.java:173)
at org.testng.internal.MethodRunner.runInSequence(MethodRunner.java:46)
at org.testng.internal.TestInvoker$MethodInvocationAgent.invoke(TestInvoker.java:824)
at org.testng.internal.TestInvoker.invokeTestMethods(TestInvoker.java:146)
at org.testng.internal.TestMethodWorker.invokeTestMethods(TestMethodWorker.java:146)
at org.testng.internal.TestMethodWorker.run(TestMethodWorker.java:128)
at java.base/java.util.ArrayList.forEach(ArrayList.java:1511)
at org.testng.TestRunner.privateRun(TestRunner.java:794)
at org.testng.TestRunner.run(TestRunner.java:596)
at org.testng.SuiteRunner.runTest(SuiteRunner.java:377)
at org.testng.SuiteRunner.runSequentially(SuiteRunner.java:371)
at org.testng.SuiteRunner.privateRun(SuiteRunner.java:332)
at org.testng.SuiteRunner.run(SuiteRunner.java:276)
at org.testng.SuiteRunnerWorker.runSuite(SuiteRunnerWorker.java:53)
at org.testng.SuiteRunnerWorker.run(SuiteRunnerWorker.java:96)
at org.testng.TestNG.runSuitesSequentially(TestNG.java:1212)
at org.testng.TestNG.runSuitesLocally(TestNG.java:1134)
at org.testng.TestNG.runSuites(TestNG.java:1063)
at org.testng.TestNG.run(TestNG.java:1031)
at org.testng.remote.AbstractRemoteTestNG.run(AbstractRemoteTestNG.java:115)
at org.testng.remote.RemoteTestNG.initAndRun(RemoteTestNG.java:251)
at org.testng.remote.RemoteTestNG.main(RemoteTestNG.java:77)
]]>
            </full-stacktrace>
          </exception> <!-- java.lang.AssertionError -->
          <reporter-output>
          </reporter-output>
        </test-method> <!-- registerinputTest -->
        <test-method is-config="true" signature="endoftest()[pri:0, instance:com.DsAlog.Qa.Tests.RegisterPageTestPojo@14151bc5]" started-at="2022-05-20T00:34:55 EDT" name="endoftest" finished-at="2022-05-20T00:34:55 EDT" duration-ms="1" status="PASS">
          <reporter-output>
          </reporter-output>
        </test-method> <!-- endoftest -->
        <test-method signature="registerinputTest(com.DsAlgo.Qa.Base.RegisterPojo)[pri:3, instance:com.DsAlog.Qa.Tests.RegisterPageTestPojo@14151bc5]" started-at="2022-05-20T00:34:55 EDT" name="registerinputTest" description="Register Flow Testing with invalid inputs" data-provider="Signin details" finished-at="2022-05-20T00:34:56 EDT" duration-ms="1493" status="PASS">
          <params>
            <param index="0">
              <value>
                <![CDATA[com.DsAlgo.Qa.Base.RegisterPojo@3eb8057c]]>
              </value>
            </param>
          </params>
          <reporter-output>
          </reporter-output>
        </test-method> <!-- registerinputTest -->
        <test-method is-config="true" signature="endoftest()[pri:0, instance:com.DsAlog.Qa.Tests.RegisterPageTestPojo@14151bc5]" started-at="2022-05-20T00:34:56 EDT" name="endoftest" finished-at="2022-05-20T00:34:56 EDT" duration-ms="1" status="PASS">
          <reporter-output>
          </reporter-output>
        </test-method> <!-- endoftest -->
      </class> <!-- com.DsAlog.Qa.Tests.RegisterPageTestPojo -->
    </test> <!-- Test -->
  </suite> <!-- Suite -->
</testng-results>
