<?xml version="1.0" encoding="UTF-8"?>
<!-- Generated by org.testng.reporters.JUnitReportReporter -->
<testsuite hostname="DESKTOP-PN8R175" failures="0" tests="13" name="com.DsAlog.Qa.Tests.DsAlgobpages" time="3.424" errors="1" timestamp="2022-04-28T16:32:31 EDT" skipped="0">
  <testcase classname="com.DsAlog.Qa.Tests.DsAlgobpages" name="closing" time="0.790">
    <error message="Tried to run command without establishing a connection
Build info: version: &#039;4.1.2&#039;, revision: &#039;9a5a329c5a&#039;
System info: host: &#039;DESKTOP-PN8R175&#039;, ip: &#039;192.168.1.165&#039;, os.name: &#039;Windows 11&#039;, os.arch: &#039;amd64&#039;, os.version: &#039;10.0&#039;, java.version: &#039;17.0.2&#039;
Driver info: org.openqa.selenium.firefox.FirefoxDriver
Command: [20ab369e-7686-4546-b8f5-c8f3e7fb7e7c, quit {}]
Capabilities {acceptInsecureCerts: true, browserName: firefox, browserVersion: 99.0.1, javascriptEnabled: true, moz:accessibilityChecks: false, moz:buildID: 20220411174855, moz:debuggerAddress: localhost:62797, moz:geckodriverVersion: 0.31.0, moz:headless: false, moz:processID: 16168, moz:profile: C:\Users\skuma\AppData\Loca..., moz:shutdownTimeout: 60000, moz:useNonSpecCompliantPointerOrigin: false, moz:webdriverClick: true, pageLoadStrategy: normal, platform: WINDOWS, platformName: WINDOWS, platformVersion: 10.0, proxy: Proxy(), se:cdp: ws://localhost:62797/devtoo..., se:cdpVersion: 85.0, setWindowRect: true, strictFileInteractability: false, timeouts: {implicit: 0, pageLoad: 300000, script: 30000}, unhandledPromptBehavior: dismiss and notify}
Session ID: 20ab369e-7686-4546-b8f5-c8f3e7fb7e7c" type="org.openqa.selenium.NoSuchSessionException">
      <![CDATA[org.openqa.selenium.NoSuchSessionException: Tried to run command without establishing a connection
Build info: version: '4.1.2', revision: '9a5a329c5a'
System info: host: 'DESKTOP-PN8R175', ip: '192.168.1.165', os.name: 'Windows 11', os.arch: 'amd64', os.version: '10.0', java.version: '17.0.2'
Driver info: org.openqa.selenium.firefox.FirefoxDriver
Command: [20ab369e-7686-4546-b8f5-c8f3e7fb7e7c, quit {}]
Capabilities {acceptInsecureCerts: true, browserName: firefox, browserVersion: 99.0.1, javascriptEnabled: true, moz:accessibilityChecks: false, moz:buildID: 20220411174855, moz:debuggerAddress: localhost:62797, moz:geckodriverVersion: 0.31.0, moz:headless: false, moz:processID: 16168, moz:profile: C:\Users\skuma\AppData\Loca..., moz:shutdownTimeout: 60000, moz:useNonSpecCompliantPointerOrigin: false, moz:webdriverClick: true, pageLoadStrategy: normal, platform: WINDOWS, platformName: WINDOWS, platformVersion: 10.0, proxy: Proxy(), se:cdp: ws://localhost:62797/devtoo..., se:cdpVersion: 85.0, setWindowRect: true, strictFileInteractability: false, timeouts: {implicit: 0, pageLoad: 300000, script: 30000}, unhandledPromptBehavior: dismiss and notify}
Session ID: 20ab369e-7686-4546-b8f5-c8f3e7fb7e7c
at java.base/jdk.internal.reflect.NativeConstructorAccessorImpl.newInstance0(Native Method)
at java.base/jdk.internal.reflect.NativeConstructorAccessorImpl.newInstance(NativeConstructorAccessorImpl.java:77)
at java.base/jdk.internal.reflect.DelegatingConstructorAccessorImpl.newInstance(DelegatingConstructorAccessorImpl.java:45)
at java.base/java.lang.reflect.Constructor.newInstanceWithCaller(Constructor.java:499)
at java.base/java.lang.reflect.Constructor.newInstance(Constructor.java:480)
at org.openqa.selenium.remote.codec.w3c.W3CHttpResponseCodec.createException(W3CHttpResponseCodec.java:200)
at org.openqa.selenium.remote.codec.w3c.W3CHttpResponseCodec.decode(W3CHttpResponseCodec.java:133)
at org.openqa.selenium.remote.codec.w3c.W3CHttpResponseCodec.decode(W3CHttpResponseCodec.java:53)
at org.openqa.selenium.remote.HttpCommandExecutor.execute(HttpCommandExecutor.java:184)
at org.openqa.selenium.remote.service.DriverCommandExecutor.invokeExecute(DriverCommandExecutor.java:167)
at org.openqa.selenium.remote.service.DriverCommandExecutor.lambda$execute$1(DriverCommandExecutor.java:105)
at java.base/java.util.concurrent.CompletableFuture$AsyncSupply.run(CompletableFuture.java:1768)
at java.base/java.util.concurrent.ThreadPoolExecutor.runWorker(ThreadPoolExecutor.java:1136)
at java.base/java.util.concurrent.ThreadPoolExecutor$Worker.run(ThreadPoolExecutor.java:635)
at java.base/java.lang.Thread.run(Thread.java:833)
]]>
    </error>
  </testcase> <!-- closing -->
  <system-out/>
  <testcase classname="com.DsAlog.Qa.Tests.DsAlgobpages" name="HomepageTestdArray" time="0.239"/>
  <system-out/>
  <testcase classname="com.DsAlog.Qa.Tests.DsAlgobpages" name="HomepageTestdArray" time="0.499"/>
  <system-out/>
  <testcase classname="com.DsAlog.Qa.Tests.DsAlgobpages" name="ArrayPageTitleValidationTest" time="0.006"/>
  <system-out/>
  <testcase classname="com.DsAlog.Qa.Tests.DsAlgobpages" name="ArrayPageTitleValidationTest" time="0.008"/>
  <system-out/>
  <testcase classname="com.DsAlog.Qa.Tests.DsAlgobpages" name="linkpythonclickTest" time="0.304"/>
  <system-out/>
  <testcase classname="com.DsAlog.Qa.Tests.DsAlgobpages" name="linkpythonclickTest" time="0.204"/>
  <system-out/>
  <testcase classname="com.DsAlog.Qa.Tests.DsAlgobpages" name="tryhereclickTest" time="0.351"/>
  <system-out/>
  <testcase classname="com.DsAlog.Qa.Tests.DsAlgobpages" name="tryhereclickTest" time="0.421"/>
  <system-out/>
  <testcase classname="com.DsAlog.Qa.Tests.DsAlgobpages" name="tryeditortextTest" time="0.146"/>
  <system-out/>
  <testcase classname="com.DsAlog.Qa.Tests.DsAlgobpages" name="tryeditortextTest" time="0.300"/>
  <system-out/>
  <testcase classname="com.DsAlog.Qa.Tests.DsAlgobpages" name="navigatebackTest" time="0.087"/>
  <system-out/>
  <testcase classname="com.DsAlog.Qa.Tests.DsAlgobpages" name="navigatebackTest" time="0.069"/>
  <system-out/>
</testsuite> <!-- com.DsAlog.Qa.Tests.DsAlgobpages -->
