<html>
<head>
<title>TestNG:  TestEdge</title>
<link href="../testng.css" rel="stylesheet" type="text/css" />
<link href="../my-testng.css" rel="stylesheet" type="text/css" />

<style type="text/css">
.log { display: none;} 
.stack-trace { display: none;} 
</style>
<script type="text/javascript">
<!--
function flip(e) {
  current = e.style.display;
  if (current == 'block') {
    e.style.display = 'none';
    return 0;
  }
  else {
    e.style.display = 'block';
    return 1;
  }
}

function toggleBox(szDivId, elem, msg1, msg2)
{
  var res = -1;  if (document.getElementById) {
    res = flip(document.getElementById(szDivId));
  }
  else if (document.all) {
    // this is the way old msie versions work
    res = flip(document.all[szDivId]);
  }
  if(elem) {
    if(res == 0) elem.innerHTML = msg1; else elem.innerHTML = msg2;
  }

}

function toggleAllBoxes() {
  if (document.getElementsByTagName) {
    d = document.getElementsByTagName('div');
    for (i = 0; i < d.length; i++) {
      if (d[i].className == 'log') {
        flip(d[i]);
      }
    }
  }
}

// -->
</script>

</head>
<body>
<h2 align='center'>TestEdge</h2><table border='1' align="center">
<tr>
<td>Tests passed/Failed/Skipped:</td><td>44/2/0</td>
</tr><tr>
<td>Started on:</td><td>Wed May 04 16:02:08 EDT 2022</td>
</tr>
<tr><td>Total time:</td><td>21 seconds (21878 ms)</td>
</tr><tr>
<td>Included groups:</td><td></td>
</tr><tr>
<td>Excluded groups:</td><td></td>
</tr>
</table><p/>
<small><i>(Hover the method name to see the test class name)</i></small><p/>
<table width='100%' border='1' class='invocation-failed'>
<tr><td colspan='4' align='center'><b>FAILED TESTS</b></td></tr>
<tr><td><b>Test method</b></td>
<td width="30%"><b>Exception</b></td>
<td width="10%"><b>Time (seconds)</b></td>
<td><b>Instance</b></td>
</tr>
<tr>
<td title='com.DsAlog.Qa.Tests.RegisterPageTest.registerinputTest()'><b>registerinputTest</b><br>Test class: com.DsAlog.Qa.Tests.RegisterPageTest<br>Test method: Register Flow Testing with invalid inputs<br>Parameters: werty123rt, asdwe_234, asdwe234</td>
<td><div><pre>java.lang.AssertionError: expected [NumpyNinja] but found [Registration]
	at com.DsAlog.Qa.Tests.RegisterPageTest.registerinputTest(RegisterPageTest.java:66)
	at java.base/java.util.ArrayList.forEach(ArrayList.java:1511)
... Removed 33 stack frames</pre></div><a href='#' onClick='toggleBox("stack-trace2062121560", this, "Click to show all stack frames", "Click to hide stack frames")'>Click to show all stack frames</a>
<div class='stack-trace' id='stack-trace2062121560'><pre>java.lang.AssertionError: expected [NumpyNinja] but found [Registration]
	at org.testng.Assert.fail(Assert.java:99)
	at org.testng.Assert.failNotEquals(Assert.java:1037)
	at org.testng.Assert.assertEqualsImpl(Assert.java:140)
	at org.testng.Assert.assertEquals(Assert.java:122)
	at org.testng.Assert.assertEquals(Assert.java:629)
	at org.testng.Assert.assertEquals(Assert.java:639)
	at com.DsAlog.Qa.Tests.RegisterPageTest.registerinputTest(RegisterPageTest.java:66)
	at java.base/jdk.internal.reflect.NativeMethodAccessorImpl.invoke0(Native Method)
	at java.base/jdk.internal.reflect.NativeMethodAccessorImpl.invoke(NativeMethodAccessorImpl.java:77)
	at java.base/jdk.internal.reflect.DelegatingMethodAccessorImpl.invoke(DelegatingMethodAccessorImpl.java:43)
	at java.base/java.lang.reflect.Method.invoke(Method.java:568)
	at org.testng.internal.MethodInvocationHelper.invokeMethod(MethodInvocationHelper.java:133)
	at org.testng.internal.TestInvoker.invokeMethod(TestInvoker.java:598)
	at org.testng.internal.TestInvoker.invokeTestMethod(TestInvoker.java:173)
	at org.testng.internal.MethodRunner.runInSequence(MethodRunner.java:46)
	at org.testng.internal.TestInvoker$MethodInvocationAgent.invoke(TestInvoker.java:824)
	at org.testng.internal.TestInvoker.invokeTestMethods(TestInvoker.java:146)
	at org.testng.internal.TestMethodWorker.invokeTestMethods(TestMethodWorker.java:146)
	at org.testng.internal.TestMethodWorker.run(TestMethodWorker.java:128)
	at java.base/java.util.ArrayList.forEach(ArrayList.java:1511)
	at org.testng.TestRunner.privateRun(TestRunner.java:794)
	at org.testng.TestRunner.run(TestRunner.java:596)
	at org.testng.SuiteRunner.runTest(SuiteRunner.java:377)
	at org.testng.SuiteRunner.runSequentially(SuiteRunner.java:371)
	at org.testng.SuiteRunner.privateRun(SuiteRunner.java:332)
	at org.testng.SuiteRunner.run(SuiteRunner.java:276)
	at org.testng.SuiteRunnerWorker.runSuite(SuiteRunnerWorker.java:53)
	at org.testng.SuiteRunnerWorker.run(SuiteRunnerWorker.java:96)
	at org.testng.TestNG.runSuitesSequentially(TestNG.java:1212)
	at org.testng.TestNG.runSuitesLocally(TestNG.java:1134)
	at org.testng.TestNG.runSuites(TestNG.java:1063)
	at org.testng.TestNG.run(TestNG.java:1031)
	at org.testng.remote.AbstractRemoteTestNG.run(AbstractRemoteTestNG.java:115)
	at org.testng.remote.RemoteTestNG.initAndRun(RemoteTestNG.java:251)
	at org.testng.remote.RemoteTestNG.main(RemoteTestNG.java:77)
</pre></div></td>
<td>0</td>
<td>com.DsAlog.Qa.Tests.RegisterPageTest@6ae62c7e</td></tr>
<tr>
<td title='com.DsAlog.Qa.Tests.RegisterPageTest.registerinputTest()'><b>registerinputTest</b><br>Test class: com.DsAlog.Qa.Tests.RegisterPageTest<br>Test method: Register Flow Testing with invalid inputs<br>Parameters: werty124rt, asdwe_235, asdwe_235</td>
<td><div><pre>java.lang.AssertionError: expected [NumpyNinja] but found [Registration]
	at com.DsAlog.Qa.Tests.RegisterPageTest.registerinputTest(RegisterPageTest.java:66)
	at java.base/java.util.ArrayList.forEach(ArrayList.java:1511)
... Removed 33 stack frames</pre></div><a href='#' onClick='toggleBox("stack-trace622007863", this, "Click to show all stack frames", "Click to hide stack frames")'>Click to show all stack frames</a>
<div class='stack-trace' id='stack-trace622007863'><pre>java.lang.AssertionError: expected [NumpyNinja] but found [Registration]
	at org.testng.Assert.fail(Assert.java:99)
	at org.testng.Assert.failNotEquals(Assert.java:1037)
	at org.testng.Assert.assertEqualsImpl(Assert.java:140)
	at org.testng.Assert.assertEquals(Assert.java:122)
	at org.testng.Assert.assertEquals(Assert.java:629)
	at org.testng.Assert.assertEquals(Assert.java:639)
	at com.DsAlog.Qa.Tests.RegisterPageTest.registerinputTest(RegisterPageTest.java:66)
	at java.base/jdk.internal.reflect.NativeMethodAccessorImpl.invoke0(Native Method)
	at java.base/jdk.internal.reflect.NativeMethodAccessorImpl.invoke(NativeMethodAccessorImpl.java:77)
	at java.base/jdk.internal.reflect.DelegatingMethodAccessorImpl.invoke(DelegatingMethodAccessorImpl.java:43)
	at java.base/java.lang.reflect.Method.invoke(Method.java:568)
	at org.testng.internal.MethodInvocationHelper.invokeMethod(MethodInvocationHelper.java:133)
	at org.testng.internal.TestInvoker.invokeMethod(TestInvoker.java:598)
	at org.testng.internal.TestInvoker.invokeTestMethod(TestInvoker.java:173)
	at org.testng.internal.MethodRunner.runInSequence(MethodRunner.java:46)
	at org.testng.internal.TestInvoker$MethodInvocationAgent.invoke(TestInvoker.java:824)
	at org.testng.internal.TestInvoker.invokeTestMethods(TestInvoker.java:146)
	at org.testng.internal.TestMethodWorker.invokeTestMethods(TestMethodWorker.java:146)
	at org.testng.internal.TestMethodWorker.run(TestMethodWorker.java:128)
	at java.base/java.util.ArrayList.forEach(ArrayList.java:1511)
	at org.testng.TestRunner.privateRun(TestRunner.java:794)
	at org.testng.TestRunner.run(TestRunner.java:596)
	at org.testng.SuiteRunner.runTest(SuiteRunner.java:377)
	at org.testng.SuiteRunner.runSequentially(SuiteRunner.java:371)
	at org.testng.SuiteRunner.privateRun(SuiteRunner.java:332)
	at org.testng.SuiteRunner.run(SuiteRunner.java:276)
	at org.testng.SuiteRunnerWorker.runSuite(SuiteRunnerWorker.java:53)
	at org.testng.SuiteRunnerWorker.run(SuiteRunnerWorker.java:96)
	at org.testng.TestNG.runSuitesSequentially(TestNG.java:1212)
	at org.testng.TestNG.runSuitesLocally(TestNG.java:1134)
	at org.testng.TestNG.runSuites(TestNG.java:1063)
	at org.testng.TestNG.run(TestNG.java:1031)
	at org.testng.remote.AbstractRemoteTestNG.run(AbstractRemoteTestNG.java:115)
	at org.testng.remote.RemoteTestNG.initAndRun(RemoteTestNG.java:251)
	at org.testng.remote.RemoteTestNG.main(RemoteTestNG.java:77)
</pre></div></td>
<td>0</td>
<td>com.DsAlog.Qa.Tests.RegisterPageTest@6ae62c7e</td></tr>
</table><p>
<table width='100%' border='1' class='invocation-passed'>
<tr><td colspan='4' align='center'><b>PASSED TESTS</b></td></tr>
<tr><td><b>Test method</b></td>
<td width="30%"><b>Exception</b></td>
<td width="10%"><b>Time (seconds)</b></td>
<td><b>Instance</b></td>
</tr>
<tr>
<td title='com.DsAlog.Qa.Tests.DataStructurePageTest.getstartdsselectionTest()'><b>getstartdsselectionTest</b><br>Test class: com.DsAlog.Qa.Tests.DataStructurePageTest<br>Test method: Data structure Flow Testing</td>
<td></td>
<td>0</td>
<td>com.DsAlog.Qa.Tests.DataStructurePageTest@12704e15</td></tr>
<tr>
<td title='com.DsAlog.Qa.Tests.TreePageTest.TreeLinkCountTest()'><b>TreeLinkCountTest</b><br>Test class: com.DsAlog.Qa.Tests.TreePageTest<br>Test method: TreePage Link Count</td>
<td></td>
<td>0</td>
<td>com.DsAlog.Qa.Tests.TreePageTest@4993febc</td></tr>
<tr>
<td title='com.DsAlog.Qa.Tests.TreePageTest.treetypesclickTest()'><b>treetypesclickTest</b><br>Test class: com.DsAlog.Qa.Tests.TreePageTest<br>Test method: Types of Trees Link Flow</td>
<td></td>
<td>0</td>
<td>com.DsAlog.Qa.Tests.TreePageTest@4993febc</td></tr>
<tr>
<td title='com.DsAlog.Qa.Tests.StackPageTest.implementationclickTest()'><b>implementationclickTest</b><br>Test class: com.DsAlog.Qa.Tests.StackPageTest<br>Test method: Implementation Link Flow</td>
<td></td>
<td>0</td>
<td>com.DsAlog.Qa.Tests.StackPageTest@2373ad99</td></tr>
<tr>
<td title='com.DsAlog.Qa.Tests.StackPageTest.applicationclickTest()'><b>applicationclickTest</b><br>Test class: com.DsAlog.Qa.Tests.StackPageTest<br>Test method: Applications Link Flow</td>
<td></td>
<td>0</td>
<td>com.DsAlog.Qa.Tests.StackPageTest@2373ad99</td></tr>
<tr>
<td title='com.DsAlog.Qa.Tests.QueuePageTest.QueueoperclickTest()'><b>QueueoperclickTest</b><br>Test class: com.DsAlog.Qa.Tests.QueuePageTest<br>Test method: Queue Operations</td>
<td></td>
<td>0</td>
<td>com.DsAlog.Qa.Tests.QueuePageTest@33634f04</td></tr>
<tr>
<td title='com.DsAlog.Qa.Tests.ArrayPageTest.linkarrayTest()'><b>linkarrayTest</b><br>Test class: com.DsAlog.Qa.Tests.ArrayPageTest<br>Test method: Applications of Array Links Flow</td>
<td></td>
<td>0</td>
<td>com.DsAlog.Qa.Tests.ArrayPageTest@512575e9</td></tr>
<tr>
<td title='com.DsAlog.Qa.Tests.StackPageTest.dropStackselectionTest()'><b>dropStackselectionTest</b><br>Test class: com.DsAlog.Qa.Tests.StackPageTest<br>Test method: Stack Flow Testing</td>
<td></td>
<td>0</td>
<td>com.DsAlog.Qa.Tests.StackPageTest@2373ad99</td></tr>
<tr>
<td title='com.DsAlog.Qa.Tests.StackPageTest.StackLinkCountTest()'><b>StackLinkCountTest</b><br>Test class: com.DsAlog.Qa.Tests.StackPageTest<br>Test method: Count total Links in StackPage</td>
<td></td>
<td>0</td>
<td>com.DsAlog.Qa.Tests.StackPageTest@2373ad99</td></tr>
<tr>
<td title='com.DsAlog.Qa.Tests.LinkedListPageTest.insertionclickTest()'><b>insertionclickTest</b><br>Test class: com.DsAlog.Qa.Tests.LinkedListPageTest<br>Test method: Insertion Link Flow</td>
<td></td>
<td>0</td>
<td>com.DsAlog.Qa.Tests.LinkedListPageTest@6f1a16fe</td></tr>
<tr>
<td title='com.DsAlog.Qa.Tests.GraphPageTest.GraphSelctionTest()'><b>GraphSelctionTest</b><br>Test class: com.DsAlog.Qa.Tests.GraphPageTest<br>Test method: Graph Flow Testing</td>
<td></td>
<td>0</td>
<td>com.DsAlog.Qa.Tests.GraphPageTest@7601bc96</td></tr>
<tr>
<td title='com.DsAlog.Qa.Tests.QueuePageTest.imparrayclickTest()'><b>imparrayclickTest</b><br>Test class: com.DsAlog.Qa.Tests.QueuePageTest<br>Test method: Implementation using array</td>
<td></td>
<td>0</td>
<td>com.DsAlog.Qa.Tests.QueuePageTest@33634f04</td></tr>
<tr>
<td title='com.DsAlog.Qa.Tests.TreePageTest.terminologieclickTest()'><b>terminologieclickTest</b><br>Test class: com.DsAlog.Qa.Tests.TreePageTest<br>Test method: Terminologies Link Flow</td>
<td></td>
<td>0</td>
<td>com.DsAlog.Qa.Tests.TreePageTest@4993febc</td></tr>
<tr>
<td title='com.DsAlog.Qa.Tests.LinkedListPageTest.introclickTest()'><b>introclickTest</b><br>Test class: com.DsAlog.Qa.Tests.LinkedListPageTest<br>Test method: Introduction Link Flow</td>
<td></td>
<td>0</td>
<td>com.DsAlog.Qa.Tests.LinkedListPageTest@6f1a16fe</td></tr>
<tr>
<td title='com.DsAlog.Qa.Tests.ArrayPageTest.linkpythonclickTest()'><b>linkpythonclickTest</b><br>Test class: com.DsAlog.Qa.Tests.ArrayPageTest<br>Test method: Arrays in Python Links Flow</td>
<td></td>
<td>0</td>
<td>com.DsAlog.Qa.Tests.ArrayPageTest@512575e9</td></tr>
<tr>
<td title='com.DsAlog.Qa.Tests.LinkedListPageTest.typeslinklistTest()'><b>typeslinklistTest</b><br>Test class: com.DsAlog.Qa.Tests.LinkedListPageTest<br>Test method: Types of Linked List Link Flow</td>
<td></td>
<td>0</td>
<td>com.DsAlog.Qa.Tests.LinkedListPageTest@6f1a16fe</td></tr>
<tr>
<td title='com.DsAlog.Qa.Tests.SigninPageTest.signinpageTest()'><b>signinpageTest</b><br>Test class: com.DsAlog.Qa.Tests.SigninPageTest<br>Test method: Signin with Valid Inputs<br>Parameters: asder@twer, asd123rt</td>
<td></td>
<td>0</td>
<td>com.DsAlog.Qa.Tests.SigninPageTest@7e0bc8a3</td></tr>
<tr>
<td title='com.DsAlog.Qa.Tests.SigninPageTest.HPModuleCountTest()'><b>HPModuleCountTest</b><br>Test class: com.DsAlog.Qa.Tests.SigninPageTest<br>Test method: Count total module in HomePage</td>
<td></td>
<td>0</td>
<td>com.DsAlog.Qa.Tests.SigninPageTest@7e0bc8a3</td></tr>
<tr>
<td title='com.DsAlog.Qa.Tests.GraphPageTest.SignOutTest()'><b>SignOutTest</b><br>Test class: com.DsAlog.Qa.Tests.GraphPageTest<br>Test method: Final SignOut of the Application</td>
<td></td>
<td>0</td>
<td>com.DsAlog.Qa.Tests.GraphPageTest@7601bc96</td></tr>
<tr>
<td title='com.DsAlog.Qa.Tests.GraphPageTest.GraphLinkCountTest()'><b>GraphLinkCountTest</b><br>Test class: com.DsAlog.Qa.Tests.GraphPageTest<br>Test method: Graph Page Link Count</td>
<td></td>
<td>0</td>
<td>com.DsAlog.Qa.Tests.GraphPageTest@7601bc96</td></tr>
<tr>
<td title='com.DsAlog.Qa.Tests.LinkedListPageTest.LListLinkCountTest()'><b>LListLinkCountTest</b><br>Test class: com.DsAlog.Qa.Tests.LinkedListPageTest<br>Test method: LinkedList Link Count</td>
<td></td>
<td>0</td>
<td>com.DsAlog.Qa.Tests.LinkedListPageTest@6f1a16fe</td></tr>
<tr>
<td title='com.DsAlog.Qa.Tests.StackPageTest.operationclickTest()'><b>operationclickTest</b><br>Test class: com.DsAlog.Qa.Tests.StackPageTest<br>Test method: Operations in Stack Link Flow</td>
<td></td>
<td>0</td>
<td>com.DsAlog.Qa.Tests.StackPageTest@2373ad99</td></tr>
<tr>
<td title='com.DsAlog.Qa.Tests.QueuePageTest.impcollectionsclickTest()'><b>impcollectionsclickTest</b><br>Test class: com.DsAlog.Qa.Tests.QueuePageTest<br>Test method: Implementation using collections link Flow</td>
<td></td>
<td>0</td>
<td>com.DsAlog.Qa.Tests.QueuePageTest@33634f04</td></tr>
<tr>
<td title='com.DsAlog.Qa.Tests.ArrayPageTest.linkusinglistTest()'><b>linkusinglistTest</b><br>Test class: com.DsAlog.Qa.Tests.ArrayPageTest<br>Test method: Arrays Using List Links Flow</td>
<td></td>
<td>0</td>
<td>com.DsAlog.Qa.Tests.ArrayPageTest@512575e9</td></tr>
<tr>
<td title='com.DsAlog.Qa.Tests.GraphPageTest.graphrepclickTest()'><b>graphrepclickTest</b><br>Test class: com.DsAlog.Qa.Tests.GraphPageTest<br>Test method: Graph Representations Link Flow</td>
<td></td>
<td>0</td>
<td>com.DsAlog.Qa.Tests.GraphPageTest@7601bc96</td></tr>
<tr>
<td title='com.DsAlog.Qa.Tests.ArrayPageTest.APageModuleCountTest()'><b>APageModuleCountTest</b><br>Test class: com.DsAlog.Qa.Tests.ArrayPageTest<br>Test method: Counting Array Page total Links </td>
<td></td>
<td>0</td>
<td>com.DsAlog.Qa.Tests.ArrayPageTest@512575e9</td></tr>
<tr>
<td title='com.DsAlog.Qa.Tests.ArrayPageTest.linkoperationslistTest()'><b>linkoperationslistTest</b><br>Test class: com.DsAlog.Qa.Tests.ArrayPageTest<br>Test method: Basic Operations in Lists Links Flow</td>
<td></td>
<td>0</td>
<td>com.DsAlog.Qa.Tests.ArrayPageTest@512575e9</td></tr>
<tr>
<td title='com.DsAlog.Qa.Tests.QueuePageTest.impQueueclickTest()'><b>impQueueclickTest</b><br>Test class: com.DsAlog.Qa.Tests.QueuePageTest<br>Test method: Implementation of Queue in Python Link Flow</td>
<td></td>
<td>0</td>
<td>com.DsAlog.Qa.Tests.QueuePageTest@33634f04</td></tr>
<tr>
<td title='com.DsAlog.Qa.Tests.RegisterPageTest.registerpageTest()'><b>registerpageTest</b><br>Test class: com.DsAlog.Qa.Tests.RegisterPageTest<br>Test method: Opening Register Page to Register As a New Customer</td>
<td></td>
<td>0</td>
<td>com.DsAlog.Qa.Tests.RegisterPageTest@6ae62c7e</td></tr>
<tr>
<td title='com.DsAlog.Qa.Tests.DataStructurePageTest.DataStructureLinkCountTest()'><b>DataStructureLinkCountTest</b><br>Test class: com.DsAlog.Qa.Tests.DataStructurePageTest<br>Test method: Data Structure Page Link Count</td>
<td></td>
<td>0</td>
<td>com.DsAlog.Qa.Tests.DataStructurePageTest@12704e15</td></tr>
<tr>
<td title='com.DsAlog.Qa.Tests.LinkedListPageTest.traversalclickTest()'><b>traversalclickTest</b><br>Test class: com.DsAlog.Qa.Tests.LinkedListPageTest<br>Test method: Traversal Link Flow</td>
<td></td>
<td>0</td>
<td>com.DsAlog.Qa.Tests.LinkedListPageTest@6f1a16fe</td></tr>
<tr>
<td title='com.DsAlog.Qa.Tests.DataStructurePageTest.timecomplexclickTest()'><b>timecomplexclickTest</b><br>Test class: com.DsAlog.Qa.Tests.DataStructurePageTest<br>Test method: Time Complexity Link Flow</td>
<td></td>
<td>0</td>
<td>com.DsAlog.Qa.Tests.DataStructurePageTest@12704e15</td></tr>
<tr>
<td title='com.DsAlog.Qa.Tests.QueuePageTest.QueueLinkCountTest()'><b>QueueLinkCountTest</b><br>Test class: com.DsAlog.Qa.Tests.QueuePageTest<br>Test method: Queue Page Link Count</td>
<td></td>
<td>0</td>
<td>com.DsAlog.Qa.Tests.QueuePageTest@33634f04</td></tr>
<tr>
<td title='com.DsAlog.Qa.Tests.ArrayPageTest.ArraySelectionTest()'><b>ArraySelectionTest</b><br>Test class: com.DsAlog.Qa.Tests.ArrayPageTest<br>Test method: Array Flow Teting</td>
<td></td>
<td>0</td>
<td>com.DsAlog.Qa.Tests.ArrayPageTest@512575e9</td></tr>
<tr>
<td title='com.DsAlog.Qa.Tests.LinkedListPageTest.implinklistclickTest()'><b>implinklistclickTest</b><br>Test class: com.DsAlog.Qa.Tests.LinkedListPageTest<br>Test method: Implement Linked List in Python Link Flow</td>
<td></td>
<td>0</td>
<td>com.DsAlog.Qa.Tests.LinkedListPageTest@6f1a16fe</td></tr>
<tr>
<td title='com.DsAlog.Qa.Tests.SigninPageTest.registerpageTest()'><b>registerpageTest</b><br>Test class: com.DsAlog.Qa.Tests.SigninPageTest<br>Test method: Signing Flow Testing</td>
<td></td>
<td>0</td>
<td>com.DsAlog.Qa.Tests.SigninPageTest@7e0bc8a3</td></tr>
<tr>
<td title='com.DsAlog.Qa.Tests.TreePageTest.TreeoverviewclickTest()'><b>TreeoverviewclickTest</b><br>Test class: com.DsAlog.Qa.Tests.TreePageTest<br>Test method: Overview of Trees Link Flow</td>
<td></td>
<td>0</td>
<td>com.DsAlog.Qa.Tests.TreePageTest@4993febc</td></tr>
<tr>
<td title='com.DsAlog.Qa.Tests.RegisterPageTest.startpageTest()'><b>startpageTest</b><br>Test class: com.DsAlog.Qa.Tests.RegisterPageTest<br>Test method: Get Starting the Application</td>
<td></td>
<td>0</td>
<td>com.DsAlog.Qa.Tests.RegisterPageTest@6ae62c7e</td></tr>
<tr>
<td title='com.DsAlog.Qa.Tests.GraphPageTest.graphclickTest()'><b>graphclickTest</b><br>Test class: com.DsAlog.Qa.Tests.GraphPageTest<br>Test method: Graph Link Flow</td>
<td></td>
<td>0</td>
<td>com.DsAlog.Qa.Tests.GraphPageTest@7601bc96</td></tr>
<tr>
<td title='com.DsAlog.Qa.Tests.LinkedListPageTest.deletionclickTest()'><b>deletionclickTest</b><br>Test class: com.DsAlog.Qa.Tests.LinkedListPageTest<br>Test method: Deletion Link Flow</td>
<td></td>
<td>0</td>
<td>com.DsAlog.Qa.Tests.LinkedListPageTest@6f1a16fe</td></tr>
<tr>
<td title='com.DsAlog.Qa.Tests.TreePageTest.TreeSelctionTest()'><b>TreeSelctionTest</b><br>Test class: com.DsAlog.Qa.Tests.TreePageTest<br>Test method: Tree Flow Testing</td>
<td></td>
<td>0</td>
<td>com.DsAlog.Qa.Tests.TreePageTest@4993febc</td></tr>
<tr>
<td title='com.DsAlog.Qa.Tests.LinkedListPageTest.dropLinkedListselectionTest()'><b>dropLinkedListselectionTest</b><br>Test class: com.DsAlog.Qa.Tests.LinkedListPageTest<br>Test method: LinkedList Flow Testing</td>
<td></td>
<td>0</td>
<td>com.DsAlog.Qa.Tests.LinkedListPageTest@6f1a16fe</td></tr>
<tr>
<td title='com.DsAlog.Qa.Tests.QueuePageTest.QueueSelctionTest()'><b>QueueSelctionTest</b><br>Test class: com.DsAlog.Qa.Tests.QueuePageTest<br>Test method: Queue Flow Testing</td>
<td></td>
<td>0</td>
<td>com.DsAlog.Qa.Tests.QueuePageTest@33634f04</td></tr>
<tr>
<td title='com.DsAlog.Qa.Tests.LinkedListPageTest.clinklistclickTest()'><b>clinklistclickTest</b><br>Test class: com.DsAlog.Qa.Tests.LinkedListPageTest<br>Test method: Creating Linked List Link Flow</td>
<td></td>
<td>0</td>
<td>com.DsAlog.Qa.Tests.LinkedListPageTest@6f1a16fe</td></tr>
</table><p>
</body>
</html>