<?xml version="1.0" encoding="UTF-8"?>
<!-- Generated by org.testng.reporters.JUnitXMLReporter -->
<testsuite ignored="0" hostname="DESKTOP-PN8R175" failures="2" tests="46" name="TestEdge" time="21.878" errors="0" timestamp="2022-05-04T16:02:30 EDT">
  <testcase classname="com.DsAlog.Qa.Tests.RegisterPageTest" name="startpageTest" time="0.312"/>
  <testcase classname="com.DsAlog.Qa.Tests.RegisterPageTest" name="registerpageTest" time="0.183"/>
  <testcase classname="com.DsAlog.Qa.Tests.RegisterPageTest" name="registerinputTest" time="0.332">
    <failure type="java.lang.AssertionError" message="expected [NumpyNinja] but found [Registration]">
      <![CDATA[java.lang.AssertionError: expected [NumpyNinja] but found [Registration]
at com.DsAlog.Qa.Tests.RegisterPageTest.registerinputTest(RegisterPageTest.java:66)
at java.base/java.util.ArrayList.forEach(ArrayList.java:1511)
... Removed 33 stack frames]]>
    </failure>
  </testcase> <!-- registerinputTest -->
  <testcase classname="com.DsAlog.Qa.Tests.RegisterPageTest" name="registerinputTest" time="0.297">
    <failure type="java.lang.AssertionError" message="expected [NumpyNinja] but found [Registration]">
      <![CDATA[java.lang.AssertionError: expected [NumpyNinja] but found [Registration]
at com.DsAlog.Qa.Tests.RegisterPageTest.registerinputTest(RegisterPageTest.java:66)
at java.base/java.util.ArrayList.forEach(ArrayList.java:1511)
... Removed 33 stack frames]]>
    </failure>
  </testcase> <!-- registerinputTest -->
  <testcase classname="com.DsAlog.Qa.Tests.SigninPageTest" name="registerpageTest" time="0.136"/>
  <testcase classname="com.DsAlog.Qa.Tests.SigninPageTest" name="signinpageTest" time="0.609"/>
  <testcase classname="com.DsAlog.Qa.Tests.SigninPageTest" name="HPModuleCountTest" time="0.205"/>
  <testcase classname="com.DsAlog.Qa.Tests.DataStructurePageTest" name="getstartdsselectionTest" time="0.174"/>
  <testcase classname="com.DsAlog.Qa.Tests.DataStructurePageTest" name="DataStructureLinkCountTest" time="0.033"/>
  <testcase classname="com.DsAlog.Qa.Tests.DataStructurePageTest" name="timecomplexclickTest" time="0.764"/>
  <testcase classname="com.DsAlog.Qa.Tests.ArrayPageTest" name="ArraySelectionTest" time="0.209"/>
  <testcase classname="com.DsAlog.Qa.Tests.ArrayPageTest" name="APageModuleCountTest" time="0.076"/>
  <testcase classname="com.DsAlog.Qa.Tests.ArrayPageTest" name="linkpythonclickTest" time="0.545"/>
  <testcase classname="com.DsAlog.Qa.Tests.ArrayPageTest" name="linkusinglistTest" time="0.471"/>
  <testcase classname="com.DsAlog.Qa.Tests.ArrayPageTest" name="linkoperationslistTest" time="0.472"/>
  <testcase classname="com.DsAlog.Qa.Tests.ArrayPageTest" name="linkarrayTest" time="0.469"/>
  <testcase classname="com.DsAlog.Qa.Tests.LinkedListPageTest" name="dropLinkedListselectionTest" time="0.204"/>
  <testcase classname="com.DsAlog.Qa.Tests.LinkedListPageTest" name="LListLinkCountTest" time="0.128"/>
  <testcase classname="com.DsAlog.Qa.Tests.LinkedListPageTest" name="introclickTest" time="0.501"/>
  <testcase classname="com.DsAlog.Qa.Tests.LinkedListPageTest" name="clinklistclickTest" time="0.449"/>
  <testcase classname="com.DsAlog.Qa.Tests.LinkedListPageTest" name="typeslinklistTest" time="0.489"/>
  <testcase classname="com.DsAlog.Qa.Tests.LinkedListPageTest" name="implinklistclickTest" time="0.482"/>
  <testcase classname="com.DsAlog.Qa.Tests.LinkedListPageTest" name="traversalclickTest" time="0.486"/>
  <testcase classname="com.DsAlog.Qa.Tests.LinkedListPageTest" name="insertionclickTest" time="0.534"/>
  <testcase classname="com.DsAlog.Qa.Tests.LinkedListPageTest" name="deletionclickTest" time="0.482"/>
  <testcase classname="com.DsAlog.Qa.Tests.StackPageTest" name="dropStackselectionTest" time="0.198"/>
  <testcase classname="com.DsAlog.Qa.Tests.StackPageTest" name="StackLinkCountTest" time="0.078"/>
  <testcase classname="com.DsAlog.Qa.Tests.StackPageTest" name="operationclickTest" time="0.481"/>
  <testcase classname="com.DsAlog.Qa.Tests.StackPageTest" name="implementationclickTest" time="0.452"/>
  <testcase classname="com.DsAlog.Qa.Tests.StackPageTest" name="applicationclickTest" time="0.436"/>
  <testcase classname="com.DsAlog.Qa.Tests.QueuePageTest" name="QueueSelctionTest" time="0.203"/>
  <testcase classname="com.DsAlog.Qa.Tests.QueuePageTest" name="QueueLinkCountTest" time="0.07"/>
  <testcase classname="com.DsAlog.Qa.Tests.QueuePageTest" name="impQueueclickTest" time="0.49"/>
  <testcase classname="com.DsAlog.Qa.Tests.QueuePageTest" name="impcollectionsclickTest" time="0.428"/>
  <testcase classname="com.DsAlog.Qa.Tests.QueuePageTest" name="imparrayclickTest" time="0.449"/>
  <testcase classname="com.DsAlog.Qa.Tests.QueuePageTest" name="QueueoperclickTest" time="0.429"/>
  <testcase classname="com.DsAlog.Qa.Tests.TreePageTest" name="TreeSelctionTest" time="0.197"/>
  <testcase classname="com.DsAlog.Qa.Tests.TreePageTest" name="TreeLinkCountTest" time="0.221"/>
  <testcase classname="com.DsAlog.Qa.Tests.TreePageTest" name="TreeoverviewclickTest" time="0.492"/>
  <testcase classname="com.DsAlog.Qa.Tests.TreePageTest" name="terminologieclickTest" time="0.463"/>
  <testcase classname="com.DsAlog.Qa.Tests.TreePageTest" name="treetypesclickTest" time="0.467"/>
  <testcase classname="com.DsAlog.Qa.Tests.GraphPageTest" name="GraphSelctionTest" time="0.187"/>
  <testcase classname="com.DsAlog.Qa.Tests.GraphPageTest" name="GraphLinkCountTest" time="0.04"/>
  <testcase classname="com.DsAlog.Qa.Tests.GraphPageTest" name="graphclickTest" time="0.439"/>
  <testcase classname="com.DsAlog.Qa.Tests.GraphPageTest" name="graphrepclickTest" time="0.526"/>
  <testcase classname="com.DsAlog.Qa.Tests.GraphPageTest" name="SignOutTest" time="0.174"/>
</testsuite> <!-- TestEdge -->
