<?xml version="1.0" encoding="UTF-8"?>
<!-- Generated by org.testng.reporters.JUnitXMLReporter -->
<testsuite ignored="0" hostname="DESKTOP-PN8R175" failures="1" tests="4" name="Test" time="6.829" errors="0" timestamp="2022-05-03T07:12:15 EDT">
  <testcase classname="com.DsAlog.Qa.Tests.RegisterPageTestFlow" name="startpagetest" time="0.358"/>
  <testcase classname="com.DsAlog.Qa.Tests.RegisterPageTestFlow" name="registerpagetest" time="0.178"/>
  <testcase classname="com.DsAlog.Qa.Tests.RegisterPageTestFlow" name="registerinputTest" time="0.421">
    <failure type="java.lang.AssertionError" message="expected [NumpyNinja] but found [Registration]">
      <![CDATA[java.lang.AssertionError: expected [NumpyNinja] but found [Registration]
at com.DsAlog.Qa.Tests.RegisterPageTestFlow.registerinputTest(RegisterPageTestFlow.java:66)
at java.base/java.util.ArrayList.forEach(ArrayList.java:1511)
... Removed 33 stack frames]]>
    </failure>
  </testcase> <!-- registerinputTest -->
  <testcase classname="com.DsAlog.Qa.Tests.RegisterPageTestFlow" name="registerinputTest" time="0.766"/>
</testsuite> <!-- Test -->
