<?xml version="1.0" encoding="UTF-8"?>
<!-- Generated by org.testng.reporters.JUnitXMLReporter -->
<testsuite ignored="0" hostname="DESKTOP-PN8R175" failures="2" tests="46" name="TestFF" time="28.001" errors="0" timestamp="2022-05-03T20:57:15 EDT">
  <testcase classname="com.DsAlog.Qa.Tests.RegisterPageTest" name="startpageTest" time="0.379"/>
  <testcase classname="com.DsAlog.Qa.Tests.RegisterPageTest" name="registerpageTest" time="0.151"/>
  <testcase classname="com.DsAlog.Qa.Tests.RegisterPageTest" name="registerinputTest" time="0.193">
    <failure type="java.lang.AssertionError" message="expected [NumpyNinja] but found [Registration]">
      <![CDATA[java.lang.AssertionError: expected [NumpyNinja] but found [Registration]
at com.DsAlog.Qa.Tests.RegisterPageTest.registerinputTest(RegisterPageTest.java:66)
at java.base/java.util.ArrayList.forEach(ArrayList.java:1511)
... Removed 33 stack frames]]>
    </failure>
  </testcase> <!-- registerinputTest -->
  <testcase classname="com.DsAlog.Qa.Tests.RegisterPageTest" name="registerinputTest" time="0.196">
    <failure type="java.lang.AssertionError" message="expected [NumpyNinja] but found [Registration]">
      <![CDATA[java.lang.AssertionError: expected [NumpyNinja] but found [Registration]
at com.DsAlog.Qa.Tests.RegisterPageTest.registerinputTest(RegisterPageTest.java:66)
at java.base/java.util.ArrayList.forEach(ArrayList.java:1511)
... Removed 33 stack frames]]>
    </failure>
  </testcase> <!-- registerinputTest -->
  <testcase classname="com.DsAlog.Qa.Tests.SigninPageTest" name="registerpageTest" time="0.111"/>
  <testcase classname="com.DsAlog.Qa.Tests.SigninPageTest" name="signinpageTest" time="0.48"/>
  <testcase classname="com.DsAlog.Qa.Tests.SigninPageTest" name="HPModuleCountTest" time="0.099"/>
  <testcase classname="com.DsAlog.Qa.Tests.DataStructurePageTest" name="getstartdsselectionTest" time="0.144"/>
  <testcase classname="com.DsAlog.Qa.Tests.DataStructurePageTest" name="DataStructureLinkCountTest" time="0.013"/>
  <testcase classname="com.DsAlog.Qa.Tests.DataStructurePageTest" name="timecomplexclickTest" time="0.882"/>
  <testcase classname="com.DsAlog.Qa.Tests.ArrayPageTest" name="ArraySelectionTest" time="0.365"/>
  <testcase classname="com.DsAlog.Qa.Tests.ArrayPageTest" name="APageModuleCountTest" time="0.036"/>
  <testcase classname="com.DsAlog.Qa.Tests.ArrayPageTest" name="linkpythonclickTest" time="0.843"/>
  <testcase classname="com.DsAlog.Qa.Tests.ArrayPageTest" name="linkusinglistTest" time="0.676"/>
  <testcase classname="com.DsAlog.Qa.Tests.ArrayPageTest" name="linkoperationslistTest" time="0.665"/>
  <testcase classname="com.DsAlog.Qa.Tests.ArrayPageTest" name="linkarrayTest" time="0.885"/>
  <testcase classname="com.DsAlog.Qa.Tests.LinkedListPageTest" name="dropLinkedListselectionTest" time="0.479"/>
  <testcase classname="com.DsAlog.Qa.Tests.LinkedListPageTest" name="LListLinkCountTest" time="0.067"/>
  <testcase classname="com.DsAlog.Qa.Tests.LinkedListPageTest" name="introclickTest" time="0.659"/>
  <testcase classname="com.DsAlog.Qa.Tests.LinkedListPageTest" name="clinklistclickTest" time="0.676"/>
  <testcase classname="com.DsAlog.Qa.Tests.LinkedListPageTest" name="typeslinklistTest" time="0.682"/>
  <testcase classname="com.DsAlog.Qa.Tests.LinkedListPageTest" name="implinklistclickTest" time="0.652"/>
  <testcase classname="com.DsAlog.Qa.Tests.LinkedListPageTest" name="traversalclickTest" time="0.693"/>
  <testcase classname="com.DsAlog.Qa.Tests.LinkedListPageTest" name="insertionclickTest" time="0.912"/>
  <testcase classname="com.DsAlog.Qa.Tests.LinkedListPageTest" name="deletionclickTest" time="0.635"/>
  <testcase classname="com.DsAlog.Qa.Tests.StackPageTest" name="dropStackselectionTest" time="0.351"/>
  <testcase classname="com.DsAlog.Qa.Tests.StackPageTest" name="StackLinkCountTest" time="0.034"/>
  <testcase classname="com.DsAlog.Qa.Tests.StackPageTest" name="operationclickTest" time="0.708"/>
  <testcase classname="com.DsAlog.Qa.Tests.StackPageTest" name="implementationclickTest" time="0.653"/>
  <testcase classname="com.DsAlog.Qa.Tests.StackPageTest" name="applicationclickTest" time="1.008"/>
  <testcase classname="com.DsAlog.Qa.Tests.QueuePageTest" name="QueueSelctionTest" time="0.399"/>
  <testcase classname="com.DsAlog.Qa.Tests.QueuePageTest" name="QueueLinkCountTest" time="0.104"/>
  <testcase classname="com.DsAlog.Qa.Tests.QueuePageTest" name="impQueueclickTest" time="0.833"/>
  <testcase classname="com.DsAlog.Qa.Tests.QueuePageTest" name="impcollectionsclickTest" time="0.633"/>
  <testcase classname="com.DsAlog.Qa.Tests.QueuePageTest" name="imparrayclickTest" time="0.667"/>
  <testcase classname="com.DsAlog.Qa.Tests.QueuePageTest" name="QueueoperclickTest" time="0.673"/>
  <testcase classname="com.DsAlog.Qa.Tests.TreePageTest" name="TreeSelctionTest" time="0.355"/>
  <testcase classname="com.DsAlog.Qa.Tests.TreePageTest" name="TreeLinkCountTest" time="0.092"/>
  <testcase classname="com.DsAlog.Qa.Tests.TreePageTest" name="TreeoverviewclickTest" time="0.726"/>
  <testcase classname="com.DsAlog.Qa.Tests.TreePageTest" name="terminologieclickTest" time="0.774"/>
  <testcase classname="com.DsAlog.Qa.Tests.TreePageTest" name="treetypesclickTest" time="0.722"/>
  <testcase classname="com.DsAlog.Qa.Tests.GraphPageTest" name="GraphSelctionTest" time="0.373"/>
  <testcase classname="com.DsAlog.Qa.Tests.GraphPageTest" name="GraphLinkCountTest" time="0.026"/>
  <testcase classname="com.DsAlog.Qa.Tests.GraphPageTest" name="graphclickTest" time="0.656"/>
  <testcase classname="com.DsAlog.Qa.Tests.GraphPageTest" name="graphrepclickTest" time="0.897"/>
  <testcase classname="com.DsAlog.Qa.Tests.GraphPageTest" name="SignOutTest" time="0.142"/>
</testsuite> <!-- TestFF -->
